<?xml version="1.0" encoding="UTF-8"?>
<testsuite name="BasicCRUDProjectToken" tests="1" skipped="0" failures="0" errors="0" timestamp="2021-05-15T22:09:03" hostname="DESKTOP-DDLG7FJ" time="5.305">
  <properties/>
  <testcase name="createCRUDProjectUsingToken" classname="BasicCRUDProjectToken" time="5.305"/>
  <system-out><![CDATA[HTTP/1.1 200 OK
Cache-Control: no-cache, no-store, must-revalidate
Pragma: no-cache
Content-Type: application/json; charset=utf-8
Expires: -1
Server: Microsoft-IIS/8.0
Set-Cookie: ASP.NET_SessionId=y35y2mmo0ecoltybfgcgjbki; path=/; HttpOnly; SameSite=Lax
X-AspNetMvc-Version: 2.0
X-AspNet-Version: 4.0.30319
X-Powered-By: ASP.NET
Date: Sat, 15 May 2021 22:09:04 GMT
Content-Length: 121

{
    "TokenString": "a153b82190f74ea5b902afc43fecf4e4",
    "UserEmail": "jb50@jb50.com",
    "ExpirationTime": "/Date(1621134544930)/"
}
Request method:	POST
Request URI:	http://todo.ly/api/projects.json
Proxy:			<none>
Request params:	<none>
Query params:	<none>
Form params:	<none>
Path params:	<none>
Headers:		Token=a153b82190f74ea5b902afc43fecf4e4
				Accept=application/json, application/javascript, text/javascript, text/json
				Content-Type=application/json; charset=UTF-8
Cookies:		<none>
Multiparts:		<none>
Body:
{
    "Content": "JBProjectJSONhgs1",
    "Icon": "1"
}
HTTP/1.1 200 OK
Cache-Control: no-cache, no-store, must-revalidate
Pragma: no-cache
Content-Type: application/json; charset=utf-8
Expires: -1
Server: Microsoft-IIS/8.0
Set-Cookie: ASP.NET_SessionId=sayjfxgrj40gczsrc5up2n4p; path=/; HttpOnly; SameSite=Lax
X-AspNetMvc-Version: 2.0
X-AspNet-Version: 4.0.30319
X-Powered-By: ASP.NET
Date: Sat, 15 May 2021 22:09:05 GMT
Content-Length: 407

{
    "Id": 3907255,
    "Content": "JBProjectJSONhgs1",
    "ItemsCount": 0,
    "Icon": 1,
    "ItemType": 2,
    "ParentId": null,
    "Collapsed": false,
    "ItemOrder": 132,
    "Children": [
        
    ],
    "IsProjectShared": false,
    "ProjectShareOwnerName": null,
    "ProjectShareOwnerEmail": null,
    "IsShareApproved": false,
    "IsOwnProject": true,
    "LastSyncedDateTime": "/Date(1621116546070)/",
    "LastUpdatedDate": "/Date(1621116546053)/",
    "Deleted": false,
    "SyncClientCreationId": null
}
****************** UPDATE *********************
Request method:	PUT
Request URI:	http://todo.ly/api/projects/3907255.json
Proxy:			<none>
Request params:	<none>
Query params:	<none>
Form params:	<none>
Path params:	<none>
Headers:		Token=a153b82190f74ea5b902afc43fecf4e4
				Accept=*/*
				Content-Type=text/plain; charset=ISO-8859-1
Cookies:		<none>
Multiparts:		<none>
Body:
{"Content":"JBProjectJSONUpdateHgs","Icon":"2"}
HTTP/1.1 200 OK
Cache-Control: no-cache, no-store, must-revalidate
Pragma: no-cache
Content-Type: application/json; charset=utf-8
Expires: -1
Server: Microsoft-IIS/8.0
Set-Cookie: ASP.NET_SessionId=yvz2hs2wtgsitemx5wdc3jz5; path=/; HttpOnly; SameSite=Lax
X-AspNetMvc-Version: 2.0
X-AspNet-Version: 4.0.30319
X-Powered-By: ASP.NET
Date: Sat, 15 May 2021 22:09:05 GMT
Content-Length: 412

{
    "Id": 3907255,
    "Content": "JBProjectJSONUpdateHgs",
    "ItemsCount": 0,
    "Icon": 2,
    "ItemType": 2,
    "ParentId": null,
    "Collapsed": false,
    "ItemOrder": 132,
    "Children": [
        
    ],
    "IsProjectShared": false,
    "ProjectShareOwnerName": null,
    "ProjectShareOwnerEmail": null,
    "IsShareApproved": false,
    "IsOwnProject": true,
    "LastSyncedDateTime": "/Date(1621116546538)/",
    "LastUpdatedDate": "/Date(1621116546537)/",
    "Deleted": false,
    "SyncClientCreationId": null
}
Request method:	GET
Request URI:	http://todo.ly/api/projects/3907255.json
Proxy:			<none>
Request params:	<none>
Query params:	<none>
Form params:	<none>
Path params:	<none>
Headers:		Token=a153b82190f74ea5b902afc43fecf4e4
				Accept=*/*
Cookies:		<none>
Multiparts:		<none>
Body:			<none>
HTTP/1.1 200 OK
Cache-Control: no-cache, no-store, must-revalidate
Pragma: no-cache
Content-Type: application/json; charset=utf-8
Expires: -1
Server: Microsoft-IIS/8.0
Set-Cookie: ASP.NET_SessionId=lvm4helo1t4cnoxwg1q2galj; path=/; HttpOnly; SameSite=Lax
X-AspNetMvc-Version: 2.0
X-AspNet-Version: 4.0.30319
X-Powered-By: ASP.NET
Date: Sat, 15 May 2021 22:09:06 GMT
Content-Length: 412

{
    "Id": 3907255,
    "Content": "JBProjectJSONUpdateHgs",
    "ItemsCount": 0,
    "Icon": 2,
    "ItemType": 2,
    "ParentId": null,
    "Collapsed": false,
    "ItemOrder": 132,
    "Children": [
        
    ],
    "IsProjectShared": false,
    "ProjectShareOwnerName": null,
    "ProjectShareOwnerEmail": null,
    "IsShareApproved": false,
    "IsOwnProject": true,
    "LastSyncedDateTime": "/Date(1621116547099)/",
    "LastUpdatedDate": "/Date(1621116546537)/",
    "Deleted": false,
    "SyncClientCreationId": null
}
Request method:	DELETE
Request URI:	http://todo.ly/api/projects/3907255.json
Proxy:			<none>
Request params:	<none>
Query params:	<none>
Form params:	<none>
Path params:	<none>
Headers:		Token=a153b82190f74ea5b902afc43fecf4e4
				Accept=*/*
Cookies:		<none>
Multiparts:		<none>
Body:			<none>
HTTP/1.1 200 OK
Cache-Control: no-cache, no-store, must-revalidate
Pragma: no-cache
Content-Type: application/json; charset=utf-8
Expires: -1
Server: Microsoft-IIS/8.0
Set-Cookie: ASP.NET_SessionId=ystbmqnigqx42jllgcexkhcd; path=/; HttpOnly; SameSite=Lax
X-AspNetMvc-Version: 2.0
X-AspNet-Version: 4.0.30319
X-Powered-By: ASP.NET
Date: Sat, 15 May 2021 22:09:06 GMT
Content-Length: 411

{
    "Id": 3907255,
    "Content": "JBProjectJSONUpdateHgs",
    "ItemsCount": 0,
    "Icon": 2,
    "ItemType": 2,
    "ParentId": null,
    "Collapsed": false,
    "ItemOrder": 132,
    "Children": [
        
    ],
    "IsProjectShared": false,
    "ProjectShareOwnerName": null,
    "ProjectShareOwnerEmail": null,
    "IsShareApproved": false,
    "IsOwnProject": true,
    "LastSyncedDateTime": "/Date(1621116547552)/",
    "LastUpdatedDate": "/Date(1621116547553)/",
    "Deleted": true,
    "SyncClientCreationId": null
}
]]></system-out>
  <system-err><![CDATA[]]></system-err>
</testsuite>
